生成启动时间为 2018/9/21 10:46:20。
     1>项目“c:\Users\zq\documents\visual studio 2013\Projects\QSrever\QSrever\QSrever.vcxproj”在节点 2 上(Build 个目标)。
     1>ClCompile:
         C:\Program Files (x86)\Microsoft Visual Studio 12.0\VC\bin\CL.exe /c /ZI /nologo /W3 /WX- /sdl /Od /Oy- /D WIN32 /D _WINDOWS /D _DEBUG /D _UNICODE /D UNICODE /D _AFXDLL /Gm /EHsc /RTC1 /MDd /GS /fp:precise /Zc:wchar_t /Zc:forScope /Yc"stdafx.h" /Fp"Debug\QSrever.pch" /Fo"Debug\\" /Fd"Debug\vc120.pdb" /Gd /TP /analyze- /errorReport:prompt stdafx.cpp
         stdafx.cpp
         C:\Program Files (x86)\Microsoft Visual Studio 12.0\VC\bin\CL.exe /c /ZI /nologo /W3 /WX- /sdl /Od /Oy- /D WIN32 /D _WINDOWS /D _DEBUG /D _UNICODE /D UNICODE /D _AFXDLL /Gm /EHsc /RTC1 /MDd /GS /fp:precise /Zc:wchar_t /Zc:forScope /Yu"stdafx.h" /Fp"Debug\QSrever.pch" /Fo"Debug\\" /Fd"Debug\vc120.pdb" /Gd /TP /analyze- /errorReport:prompt AccountManage.cpp OrgManage.cpp QSrever.cpp QSreverDlg.cpp
         QSreverDlg.cpp
         QSrever.cpp
         OrgManage.cpp
         AccountManage.cpp
         正在生成代码...
       ResourceCompile:
         C:\Program Files (x86)\Windows Kits\8.1\bin\x86\rc.exe /D _DEBUG /D _UNICODE /D UNICODE /D _AFXDLL /l"0x0804" /IDebug\ /nologo /fo"Debug\QSrever.res" QSrever.rc 
       Link:
         C:\Program Files (x86)\Microsoft Visual Studio 12.0\VC\bin\link.exe /ERRORREPORT:PROMPT /OUT:"c:\users\zq\documents\visual studio 2013\Projects\QSrever\Debug\QSrever.exe" /INCREMENTAL /NOLOGO /MANIFEST /MANIFESTUAC:"level='asInvoker' uiAccess='false'" /manifest:embed /manifestinput:"C:\Program Files (x86)\Microsoft Visual Studio 12.0\VC\Include\Manifest\dpiaware.manifest" /DEBUG /PDB:"c:\users\zq\documents\visual studio 2013\Projects\QSrever\Debug\QSrever.pdb" /SUBSYSTEM:WINDOWS /TLBID:1 /ENTRY:"wWinMainCRTStartup" /DYNAMICBASE /NXCOMPAT /IMPLIB:"c:\users\zq\documents\visual studio 2013\Projects\QSrever\Debug\QSrever.lib" /MACHINE:X86 Debug\QSrever.res
         Debug\AccountManage.obj
         Debug\OrgManage.obj
         Debug\QSrever.obj
         Debug\QSreverDlg.obj
         Debug\stdafx.obj
         QSrever.vcxproj -> c:\users\zq\documents\visual studio 2013\Projects\QSrever\Debug\QSrever.exe
     1>已完成生成项目“c:\Users\zq\documents\visual studio 2013\Projects\QSrever\QSrever\QSrever.vcxproj”(Build 个目标)的操作。

生成成功。

已用时间 00:00:06.34
